  9.5661682614361521E-03
  6.6914317948229569E-03
  4.3440769007488953E-03
  1.9747139703572185E-03
 -1.8259840963595728E-04
 -2.9011490488062572E-03
 -6.7417388366235627E-03
 -1.1619037775205631E-02
  2.4261853967827273E-02
  1.9663240054577522E-02
  1.1170598718468712E-02
  3.3915048225689149E-03
  1.2297478486722051E-04
 -5.0378294360169072E-03
 -2.5303188976701106E-02
 -2.8878306759971672E-02
  3.3407066998720709E-02
  2.9501427141083503E-02
  1.7482851929756779E-02
  7.1406213584503742E-03
  7.5898162544803102E-03
  1.1039535691359429E-02
 -2.4249664858667506E-02
 -1.6299600509847238E-02
  1.1120946740907602E-02
  1.0478811810222543E-02
  2.1686343754486678E-02
  3.0631817287340775E-02
  3.8939943994456522E-02
  5.3217894957195741E-02
  9.8945723646480563E-02
  0.1295024414395839    
  1.9667266212376921E-02
  2.1057625840944640E-02
  3.0569202903026855E-02
  1.5999993378807240E-02
  3.0156053636719783E-02
  7.6065432968727503E-02
  0.1034314018133865    
  0.1502185946394366    
  4.2219268519104361E-02
  4.8154833559148215E-02
  6.9252025559290567E-02
  2.6907258558327193E-02
  4.3151564611119936E-02
  0.1171956687879653    
  0.1116918562559476    
  0.1651920770297349    
  9.7986041903140697E-02
  0.1110557375792970    
  0.1457127757711405    
  0.2465216243814448    
  0.2646000310940620    
  0.2020707959385647    
  0.2035249718082661    
  0.2587067786452631    
  9.0075406224481167E-02
  0.1076815676710295    
  0.1776059526364294    
  0.2979434450974888    
  0.3150322009536944    
  0.2380244380717762    
  0.2260633942414917    
  0.2758540101931113    
  7.2261076599399662E-02
  7.7767635618879630E-02
  0.1440471307202803    
  0.2856608297731197    
  0.2948111878956873    
  0.1813366247927398    
  0.1923363628108666    
  0.2308566601670933    
  0.1268080155127802    
  0.1116757707023829    
  6.2323586758552638E-02
 -5.8195984258877176E-02
 -6.1882072953993138E-02
  4.1639018181136592E-02
  1.6095211171404417E-02
  3.3462036054124636E-02
  0.1057770150622220    
  8.0231077352183058E-02
  1.4078837495470944E-02
 -4.0627577169831591E-02
 -5.2807937571377320E-02
 -2.9373135950464927E-02
 -9.5760487059054038E-03
 -8.7070746919921133E-03
  4.5731180204012685E-02
  3.0186277638979488E-02
 -2.8653018166754630E-02
 -1.0117882974929954E-02
 -2.2574546476931863E-02
 -6.5934124473278649E-02
 -2.4971836287554394E-02
 -4.7570322527558911E-02
 -0.1629226570827746    
 -0.1724718959838725    
 -0.1698412197008982    
 -0.2646202507649987    
 -0.2820457424969708    
 -0.2148280917822820    
 -0.2424450348460702    
 -0.2761682965499982    
