* observation type base
* observation type well01_1
 well01_1
* observation type well02_1
 well02_1
* observation type well03_1
 well03_1
* observation type well04_1
 well04_1
* observation type well05_1
 well05_1
* observation type well06_1
 well06_1
* observation type well07_1
 well07_1
* observation type well08_1
 well08_1
* observation type well09_1
 well09_1
* observation type well10_1
 well10_1
* observation type well11_1
 well11_1
* observation type well12_1
 well12_1
* observation type part_time
 part_time
* observation type part_east
 part_east
