 point             x              y          zone  nugget  sill           a         hanis     bearing
 1              987998.226     120505.043       1  0.0     0.0227           3447.003   1.0       0.0
 2              988277.504     122288.124       1  0.0     0.0227           2184.689   1.0       0.0
 3              987590.051     123469.684       1  0.0     0.0227           1586.543   1.0       0.0
 4              987181.876     122223.676       1  0.0     0.0227           1508.449   1.0       0.0
 5              986580.355     121729.569       1  0.0     0.0227           1941.214   1.0       0.0
 6              985785.487     122717.782       1  0.0     0.0227           1600.960   1.0       0.0
 7              986279.594     124135.654       1  0.0     0.0227           1592.522   1.0       0.0
 8              986129.214     123469.684       1  0.0     0.0227           1101.041   1.0       0.0
 9              986924.081     122868.163       1  0.0     0.0227            983.528   1.0       0.0
 10             984711.342     123491.167       1  0.0     0.0227           2576.941   1.0       0.0
 11             984625.411     124414.932       1  0.0     0.0227           2671.541   1.0       0.0
 12             985205.449     125617.974       1  0.0     0.0227           2789.343   1.0       0.0
 13             985806.970     126563.222       1  0.0     0.0227           3392.333   1.0       0.0
 14             985055.069     127895.162       1  0.0     0.0227           3281.504   1.0       0.0
 15             985678.073     129871.589       1  0.0     0.0227           5391.454   1.0       0.0
 16             984367.616     129055.238       1  0.0     0.0227           3911.567   1.0       0.0
 17             982928.261     128346.303       1  0.0     0.0227           3516.119   1.0       0.0
 18             983830.543     126821.017       1  0.0     0.0227           2688.163   1.0       0.0
 19             984797.274     126369.876       1  0.0     0.0227           2778.965   1.0       0.0
 20             982928.261     125338.696       1  0.0     0.0227           2815.953   1.0       0.0
 21             982906.779     126692.119       1  0.0     0.0227           2822.334   1.0       0.0
 22             981145.181     128024.059       1  0.0     0.0227           3707.517   1.0       0.0
 23             982906.779     124565.312       1  0.0     0.0227           3086.725   1.0       0.0
 24             981145.181     124200.103       1  0.0     0.0227           3047.006   1.0       0.0
 25             980457.728     123276.338       1  0.0     0.0227           3391.250   1.0       0.0
 26             981811.151     125875.769       1  0.0     0.0227           2843.755   1.0       0.0
 27             980651.074     126649.153       1  0.0     0.0227           2984.771   1.0       0.0
 28             979233.202     126735.085       1  0.0     0.0227           2712.927   1.0       0.0
 29             979082.822     125252.765       1  0.0     0.0227           1823.124   1.0       0.0
 30             980307.347     125510.560       1  0.0     0.0227           2479.836   1.0       0.0
 31             978502.784     123469.684       1  0.0     0.0227           2251.035   1.0       0.0
 32             977772.365     124715.692       1  0.0     0.0227           1573.787   1.0       0.0
 33             977557.536     122352.573       1  0.0     0.0227           3185.724   1.0       0.0
 34             975731.489     123362.269       1  0.0     0.0227           2593.603   1.0       0.0
 35             977256.775     123899.342       1  0.0     0.0227           1899.689   1.0       0.0
 36             977063.429     125553.525       1  0.0     0.0227           2003.293   1.0       0.0
 37             977664.950     127014.363       1  0.0     0.0227           2664.854   1.0       0.0
 38             977965.711     128324.820       1  0.0     0.0227           3305.941   1.0       0.0
 39             978867.993     129420.448       1  0.0     0.0227           4286.426   1.0       0.0
 40             976977.498     129613.794       1  0.0     0.0227           3977.599   1.0       0.0
 41             975280.348     129570.828       1  0.0     0.0227           4406.329   1.0       0.0
 42             974657.344     127787.747       1  0.0     0.0227           3667.791   1.0       0.0
 43             976118.181     128281.854       1  0.0     0.0227           3097.674   1.0       0.0
 44             976762.668     126863.982       1  0.0     0.0227           2703.813   1.0       0.0
 45             974528.447     125510.560       1  0.0     0.0227           2965.880   1.0       0.0
 46             976010.767     125575.008       1  0.0     0.0227           2446.848   1.0       0.0
 47             974635.861     124264.551       1  0.0     0.0227           2776.764   1.0       0.0
 48             973454.302     124629.761       1  0.0     0.0227           3878.791   1.0       0.0
 49             976118.181     124414.932       1  0.0     0.0227           2162.330   1.0       0.0
 50             974721.793     122911.128       1  0.0     0.0227           3415.222   1.0       0.0
 51             988879.025     122846.680       1  0.0     0.0227           2825.776   1.0       0.0
 52             978073.126     125489.077       1  0.0     0.0227           1746.667   1.0       0.0
 53             978427.593     124758.658       1  0.0     0.0227           1464.283   1.0       0.0
 54             978642.422     124382.707       1  0.0     0.0227           1660.328   1.0       0.0
 55             979383.583     124672.726       1  0.0     0.0227           1938.176   1.0       0.0
 56             986773.701     123373.011       1  0.0     0.0227            772.362   1.0       0.0
 57             986811.296     123491.167       1  0.0     0.0227            831.994   1.0       0.0
 58             986601.838     123501.908       1  0.0     0.0227            832.414   1.0       0.0
 59             986918.711     123313.933       1  0.0     0.0227            845.891   1.0       0.0
 60             986564.243     123292.450       1  0.0     0.0227            785.084   1.0       0.0
 61             986435.345     122991.689       1  0.0     0.0227            908.934   1.0       0.0
 62             986591.096     122379.427       1  0.0     0.0227           1279.144   1.0       0.0
 63             974925.880     126665.266       1  0.0     0.0227           3062.523   1.0       0.0
 64             978492.042     125193.687       1  0.0     0.0227           1605.434   1.0       0.0
 65             977138.619     124484.751       1  0.0     0.0227           1778.819   1.0       0.0
 66             976730.444     123356.899       1  0.0     0.0227           2309.161   1.0       0.0
 67             987730.000     121488.000       1  0.0     0.0227           2231.013   1.0       0.0
