 point             x              y          zone  nugget  sill           a         hanis     bearing
 1              973542.473     124898.592       1  0.0     0.0625        5420.724   1.0       0.0
 2              975379.101     124531.266       1  0.0     0.0625        3988.680   1.0       0.0
 3              975033.383     122932.320       1  0.0     0.0625        5301.863   1.0       0.0
 4              975271.064     126346.287       1  0.0     0.0625        3789.500   1.0       0.0
 5              976113.752     127232.190       1  0.0     0.0625        3530.614   1.0       0.0
 6              974946.953     128312.560       1  0.0     0.0625        4331.875   1.0       0.0
 7              975551.960     129522.573       1  0.0     0.0625        4806.344   1.0       0.0
 8              977561.447     129889.899       1  0.0     0.0625        4611.406   1.0       0.0
 9              979030.750     129155.248       1  0.0     0.0625        4447.916   1.0       0.0
 10             976956.440     128118.093       1  0.0     0.0625        3453.075   1.0       0.0
 11             978576.995     127793.982       1  0.0     0.0625        3698.508   1.0       0.0
 12             977604.662     125978.962       1  0.0     0.0625        3592.776   1.0       0.0
 13             978576.995     124704.126       1  0.0     0.0625        3857.794   1.0       0.0
 14             977042.870     123991.082       1  0.0     0.0625        3961.310   1.0       0.0
 15             977669.484     122392.135       1  0.0     0.0625        5221.092   1.0       0.0
 16             980089.512     123558.934       1  0.0     0.0625        4772.582   1.0       0.0
 17             980046.297     126497.539       1  0.0     0.0625        3848.153   1.0       0.0
 18             981623.636     128096.486       1  0.0     0.0625        4554.198   1.0       0.0
 19             983352.228     128658.278       1  0.0     0.0625        4963.700   1.0       0.0
 20             985858.685     129846.684       1  0.0     0.0625        7212.715   1.0       0.0
 21             982704.006     124228.763       1  0.0     0.0625        4572.190   1.0       0.0
 22             985145.641     123061.964       1  0.0     0.0625        4641.267   1.0       0.0
 23             986636.551     121527.839       1  0.0     0.0625        5776.900   1.0       0.0
 24             988516.393     120166.574       1  0.0     0.0625        8243.832   1.0       0.0
 25             989013.363     122759.461       1  0.0     0.0625        6703.871   1.0       0.0
 26             986939.054     123429.290       1  0.0     0.0625        4672.793   1.0       0.0
 27             986269.225     126475.931       1  0.0     0.0625        4802.762   1.0       0.0
 28             980629.697     125525.206       1  0.0     0.0625        4016.202   1.0       0.0
 29             982768.828     126259.858       1  0.0     0.0625        3991.923   1.0       0.0
 30             984519.027     125157.881       1  0.0     0.0625        4033.234   1.0       0.0
 31             984432.597     127253.797       1  0.0     0.0625        4290.606   1.0       0.0
 32             986074.759     124747.340       1  0.0     0.0625        4270.919   1.0       0.0
