 point             x              y          zone  nugget  sill           a         hanis     bearing
 1              973137.980     124851.208       1  0.0     0.25           2923.464   1.0       0.0
 2              973902.867     124901.530       1  0.0     0.25           2131.979   1.0       0.0
 3              974627.496     125133.009       1  0.0     0.25           1740.911   1.0       0.0
 4              975191.097     125434.938       1  0.0     0.25           1616.655   1.0       0.0
 5              973611.002     125263.845       1  0.0     0.25           2292.065   1.0       0.0
 6              974436.275     125354.423       1  0.0     0.25           1686.046   1.0       0.0
 7              975140.776     125414.809       1  0.0     0.25           1612.550   1.0       0.0
 8              975704.377     125907.960       1  0.0     0.25           1481.013   1.0       0.0
 9              975996.241     126521.882       1  0.0     0.25           1352.888   1.0       0.0
 10             976459.199     126219.953       1  0.0     0.25           1306.384   1.0       0.0
 11             977214.022     126240.082       1  0.0     0.25           1278.124   1.0       0.0
 12             977284.472     126572.204       1  0.0     0.25           1215.747   1.0       0.0
 13             977747.430     126763.426       1  0.0     0.25           1085.521   1.0       0.0
 14             978170.131     126773.490       1  0.0     0.25            920.785   1.0       0.0
 15             978109.745     126360.854       1  0.0     0.25           1034.716   1.0       0.0
 16             978381.481     125918.024       1  0.0     0.25           1052.328   1.0       0.0
 17             979146.368     126119.310       1  0.0     0.25           1080.534   1.0       0.0
 18             980001.833     126330.661       1  0.0     0.25           1320.356   1.0       0.0
 19             980736.527     126250.146       1  0.0     0.25           1480.269   1.0       0.0
 20             981280.000     126360.854       1  0.0     0.25           1152.976   1.0       0.0
 21             981732.893     126491.690       1  0.0     0.25            958.390   1.0       0.0
 22             981964.372     126179.696       1  0.0     0.25           1098.163   1.0       0.0
 23             981853.665     125767.060       1  0.0     0.25           1029.497   1.0       0.0
 24             981712.765     125455.066       1  0.0     0.25            930.314   1.0       0.0
 25             982135.465     125133.009       1  0.0     0.25            738.547   1.0       0.0
 26             982397.137     125263.845       1  0.0     0.25            887.259   1.0       0.0
 27             982527.973     124921.659       1  0.0     0.25            612.530   1.0       0.0
 28             982487.716     124478.829       1  0.0     0.25            642.993   1.0       0.0
 29             982638.680     124619.729       1  0.0     0.25            593.193   1.0       0.0
 30             982759.452     124740.501       1  0.0     0.25            615.654   1.0       0.0
 31             982900.352     124831.080       1  0.0     0.25            700.125   1.0       0.0
 32             982457.523     124740.501       1  0.0     0.25            547.784   1.0       0.0
 33             983272.731     124851.208       1  0.0     0.25            837.022   1.0       0.0
 34             983685.368     124488.894       1  0.0     0.25           1025.754   1.0       0.0
 35             983675.303     124025.936       1  0.0     0.25           1436.266   1.0       0.0
 36             984259.033     123874.971       1  0.0     0.25           1485.283   1.0       0.0
 37             984913.213     123693.814       1  0.0     0.25           1352.410   1.0       0.0
 38             985738.485     123824.650       1  0.0     0.25           1250.081   1.0       0.0
 39             986372.536     123613.299       1  0.0     0.25           1635.399   1.0       0.0
 40             986936.137     123512.656       1  0.0     0.25           1567.116   1.0       0.0
 41             987197.809     122989.313       1  0.0     0.25           1317.477   1.0       0.0
 42             987278.323     122808.155       1  0.0     0.25           1267.344   1.0       0.0
 43             987419.224     122556.548       1  0.0     0.25           1313.957   1.0       0.0
 44             987600.381     122697.448       1  0.0     0.25           1158.130   1.0       0.0
 45             987761.410     123079.891       1  0.0     0.25           1193.550   1.0       0.0
 46             988184.111     123039.634       1  0.0     0.25           1245.314   1.0       0.0
 47             988425.654     122808.155       1  0.0     0.25           1267.354   1.0       0.0
 48             988596.747     122445.840       1  0.0     0.25           1369.937   1.0       0.0
 49             988898.676     122717.576       1  0.0     0.25           1653.953   1.0       0.0
 50             988667.197     121459.539       1  0.0     0.25           2254.350   1.0       0.0
 51             988747.711     121982.882       1  0.0     0.25           1748.584   1.0       0.0
 52             974808.654     126632.590       1  0.0     0.25           1985.346   1.0       0.0
 53             975452.769     126954.647       1  0.0     0.25           1835.769   1.0       0.0
 54             976177.399     127045.226       1  0.0     0.25           1576.529   1.0       0.0
 55             976479.328     126471.561       1  0.0     0.25           1252.721   1.0       0.0
 56             976871.836     126109.246       1  0.0     0.25           1325.116   1.0       0.0
 57             977103.315     124841.144       1  0.0     0.25           1937.355   1.0       0.0
 58             977636.723     124971.980       1  0.0     0.25           1547.497   1.0       0.0
 59             977676.980     125203.459       1  0.0     0.25           1348.145   1.0       0.0
 60             977999.037     125233.652       1  0.0     0.25           1357.173   1.0       0.0
 61             978371.417     125525.517       1  0.0     0.25           1250.989   1.0       0.0
 62             978361.352     125897.896       1  0.0     0.25           1060.147   1.0       0.0
 63             975020.004     122757.834       1  0.0     0.25           3211.162   1.0       0.0
 64             975654.055     123331.499       1  0.0     0.25           2561.195   1.0       0.0
 65             976117.013     123210.727       1  0.0     0.25           2474.716   1.0       0.0
 66             976620.228     122767.898       1  0.0     0.25           2562.031   1.0       0.0
 67             977183.829     122637.062       1  0.0     0.25           2622.016   1.0       0.0
 68             977767.558     123110.084       1  0.0     0.25           2411.641   1.0       0.0
 69             978341.224     123522.721       1  0.0     0.25           2350.586   1.0       0.0
 70             979226.882     123965.550       1  0.0     0.25           2412.185   1.0       0.0
 71             979901.190     124096.386       1  0.0     0.25           2480.364   1.0       0.0
 72             980243.377     124810.951       1  0.0     0.25           1997.955   1.0       0.0
 73             980897.556     124790.823       1  0.0     0.25           1490.208   1.0       0.0
 74             981511.479     124921.659       1  0.0     0.25            896.577   1.0       0.0
 75             981692.636     125052.494       1  0.0     0.25            760.630   1.0       0.0
 76             981823.472     125102.816       1  0.0     0.25            706.339   1.0       0.0
 77             981833.536     124841.144       1  0.0     0.25            711.947   1.0       0.0
 78             981863.729     124559.344       1  0.0     0.25            822.762   1.0       0.0
 79             982215.980     124468.765       1  0.0     0.25            725.243   1.0       0.0
 80             982487.716     124539.215       1  0.0     0.25            596.866   1.0       0.0
 81             983484.082     125988.474       1  0.0     0.25           1452.700   1.0       0.0
 82             984057.747     125787.188       1  0.0     0.25           1224.822   1.0       0.0
 83             984188.583     125434.938       1  0.0     0.25           1027.688   1.0       0.0
 84             984168.454     125022.302       1  0.0     0.25            983.837   1.0       0.0
 85             983967.168     125052.494       1  0.0     0.25            829.826   1.0       0.0
 86             983886.654     125304.102       1  0.0     0.25            780.269   1.0       0.0
 87             983675.303     125354.423       1  0.0     0.25            805.458   1.0       0.0
 88             983514.275     125163.202       1  0.0     0.25            827.024   1.0       0.0
 89             983443.825     124780.758       1  0.0     0.25            844.696   1.0       0.0
 90             986332.279     126703.040       1  0.0     0.25           2842.941   1.0       0.0
 91             985738.485     126230.018       1  0.0     0.25           2320.307   1.0       0.0
 92             985919.643     125686.545       1  0.0     0.25           2137.487   1.0       0.0
 93             985718.357     125112.880       1  0.0     0.25           1734.869   1.0       0.0
 94             985376.170     124690.180       1  0.0     0.25           1402.300   1.0       0.0
 95             985164.820     124207.093       1  0.0     0.25           1156.460   1.0       0.0
 96             985064.177     123985.678       1  0.0     0.25           1175.051   1.0       0.0
 97             985295.656     123895.100       1  0.0     0.25           1164.469   1.0       0.0
 98             985758.614     123874.971       1  0.0     0.25           1245.559   1.0       0.0
 99             975533.284     129601.559       1  0.0     0.25           2290.636   1.0       0.0
 100            975794.955     128987.636       1  0.0     0.25           1687.995   1.0       0.0
 101            976106.949     128816.543       1  0.0     0.25           1356.107   1.0       0.0
 102            976439.071     129048.022       1  0.0     0.25           1144.463   1.0       0.0
 103            976690.678     128927.251       1  0.0     0.25            981.435   1.0       0.0
 104            976902.029     128645.450       1  0.0     0.25            890.991   1.0       0.0
 105            977224.086     128383.778       1  0.0     0.25            998.541   1.0       0.0
 106            977415.308     128263.007       1  0.0     0.25           1113.261   1.0       0.0
 107            977334.793     127951.013       1  0.0     0.25           1254.069   1.0       0.0
 108            977435.437     127568.570       1  0.0     0.25           1327.711   1.0       0.0
 109            977908.459     127306.898       1  0.0     0.25           1114.346   1.0       0.0
 110            978431.802     127216.319       1  0.0     0.25           1020.610   1.0       0.0
 111            978612.960     127256.576       1  0.0     0.25           1078.872   1.0       0.0
 112            978633.088     127065.355       1  0.0     0.25            952.628   1.0       0.0
 113            978582.767     126662.783       1  0.0     0.25            896.071   1.0       0.0
 114            978914.889     126531.947       1  0.0     0.25            936.984   1.0       0.0
 115            979257.075     126461.497       1  0.0     0.25            970.252   1.0       0.0
 116            979428.168     126632.590       1  0.0     0.25           1016.298   1.0       0.0
 117            979649.583     126582.268       1  0.0     0.25           1119.281   1.0       0.0
 118            979971.640     126340.725       1  0.0     0.25           1304.598   1.0       0.0
 119            977616.594     130114.838       1  0.0     0.25           2234.082   1.0       0.0
 120            977616.594     129410.337       1  0.0     0.25           1465.074   1.0       0.0
 121            977505.887     129148.665       1  0.0     0.25           1214.313   1.0       0.0
 122            977073.122     129017.829       1  0.0     0.25            980.960   1.0       0.0
 123            976942.286     128625.321       1  0.0     0.25            887.565   1.0       0.0
 124            981098.842     128142.235       1  0.0     0.25           2139.761   1.0       0.0
 125            981129.035     127276.705       1  0.0     0.25           1501.741   1.0       0.0
 126            981672.507     126803.683       1  0.0     0.25            992.640   1.0       0.0
 127            985869.321     130054.452       1  0.0     0.25           2989.069   1.0       0.0
 128            985748.550     129329.823       1  0.0     0.25           2231.736   1.0       0.0
 129            985386.235     128776.286       1  0.0     0.25           1681.296   1.0       0.0
 130            985124.563     128182.492       1  0.0     0.25           1513.122   1.0       0.0
 131            984742.119     127800.049       1  0.0     0.25           1424.794   1.0       0.0
 132            983936.975     127779.920       1  0.0     0.25           1202.038   1.0       0.0
 133            983484.082     127890.627       1  0.0     0.25           1247.135   1.0       0.0
 134            982980.867     127810.113       1  0.0     0.25           1301.170   1.0       0.0
 135            982467.587     127649.084       1  0.0     0.25           1326.811   1.0       0.0
 136            982226.044     127236.448       1  0.0     0.25           1168.786   1.0       0.0
 137            981944.244     126914.390       1  0.0     0.25           1025.322   1.0       0.0
 138            981702.700     126542.011       1  0.0     0.25            954.038   1.0       0.0
 139            984530.769     129551.237       1  0.0     0.25           2046.348   1.0       0.0
 140            984671.669     128886.993       1  0.0     0.25           1462.662   1.0       0.0
 141            984742.119     128303.264       1  0.0     0.25           1276.428   1.0       0.0
 142            984440.190     128071.785       1  0.0     0.25           1176.431   1.0       0.0
 143            983936.975     127800.049       1  0.0     0.25           1191.065   1.0       0.0
 144            983494.146     128786.350       1  0.0     0.25           1731.549   1.0       0.0
 145            983423.696     127951.013       1  0.0     0.25           1265.756   1.0       0.0
 146            982044.887     128252.942       1  0.0     0.25           1743.592   1.0       0.0
 147            982256.237     127488.055       1  0.0     0.25           1242.366   1.0       0.0
