 point             x              y          zone  nugget  sill           a         hanis     bearing
 1              974034.340     125354.809       1  0.0     0.0227           2963.507   1.0       0.0
 2              974700.310     125827.432       1  0.0     0.0227           3111.405   1.0       0.0
 3              974850.690     126686.748       1  0.0     0.0227           3446.958   1.0       0.0
 4              974549.930     127653.479       1  0.0     0.0227           3606.001   1.0       0.0
 5              974700.310     128727.624       1  0.0     0.0227           3753.700   1.0       0.0
 6              975108.485     129629.906       1  0.0     0.0227           3844.382   1.0       0.0
 7              976010.767     129479.526       1  0.0     0.0227           3215.745   1.0       0.0
 8              976612.288     129586.940       1  0.0     0.0227           3110.429   1.0       0.0
 9              977514.570     130038.081       1  0.0     0.0227           3338.657   1.0       0.0
 10             978545.749     129930.667       1  0.0     0.0227           3355.064   1.0       0.0
 11             979039.856     129286.180       1  0.0     0.0227           2973.004   1.0       0.0
 12             978524.266     128663.175       1  0.0     0.0227           2754.736   1.0       0.0
 13             978631.681     127674.962       1  0.0     0.0227           2869.616   1.0       0.0
 14             978910.959     127116.407       1  0.0     0.0227           3119.075   1.0       0.0
 15             979684.343     126815.646       1  0.0     0.0227           3104.311   1.0       0.0
 16             980457.728     126751.197       1  0.0     0.0227           3155.246   1.0       0.0
 17             980651.074     127717.928       1  0.0     0.0227           2884.900   1.0       0.0
 18             981338.527     128276.483       1  0.0     0.0227           3247.311   1.0       0.0
 19             982305.257     128212.035       1  0.0     0.0227           3531.700   1.0       0.0
 20             983293.471     128706.141       1  0.0     0.0227           3155.648   1.0       0.0
 21             984195.753     129221.731       1  0.0     0.0227           2709.876   1.0       0.0
 22             984625.411     129844.735       1  0.0     0.0227           2935.966   1.0       0.0
 23             985699.556     130102.530       1  0.0     0.0227           3235.872   1.0       0.0
 24             985914.385     129801.769       1  0.0     0.0227           3037.371   1.0       0.0
 25             985635.107     129114.316       1  0.0     0.0227           2479.097   1.0       0.0
 26             985269.898     128255.000       1  0.0     0.0227           2309.855   1.0       0.0
 27             985269.898     127546.065       1  0.0     0.0227           2315.734   1.0       0.0
 28             985463.244     126858.612       1  0.0     0.0227           2291.483   1.0       0.0
 29             986086.248     126794.163       1  0.0     0.0227           2240.495   1.0       0.0
 30             986301.077     126643.783       1  0.0     0.0227           2307.499   1.0       0.0
 31             986129.214     126300.056       1  0.0     0.0227           2243.957   1.0       0.0
 32             985935.868     125891.881       1  0.0     0.0227           2349.819   1.0       0.0
 33             986064.765     125032.565       1  0.0     0.0227           2620.787   1.0       0.0
 34             986494.423     124108.800       1  0.0     0.0227           2806.917   1.0       0.0
 35             987224.842     123765.074       1  0.0     0.0227           3003.175   1.0       0.0
 36             987998.226     123313.933       1  0.0     0.0227           3309.564   1.0       0.0
 37             988857.542     122884.275       1  0.0     0.0227           3813.838   1.0       0.0
 38             973153.541     124667.356       1  0.0     0.0227           3438.481   1.0       0.0
 39             973798.028     124173.249       1  0.0     0.0227           2897.953   1.0       0.0
 40             974356.583     123979.903       1  0.0     0.0227           2698.725   1.0       0.0
 41             974549.930     123077.621       1  0.0     0.0227           2960.214   1.0       0.0
 42             975065.519     122819.826       1  0.0     0.0227           2972.687   1.0       0.0
 43             975795.938     123206.518       1  0.0     0.0227           2863.168   1.0       0.0
 44             976504.874     122583.514       1  0.0     0.0227           3053.610   1.0       0.0
 45             977385.673     122239.788       1  0.0     0.0227           3210.324   1.0       0.0
 46             977965.711     122433.134       1  0.0     0.0227           3141.780   1.0       0.0
 47             978223.506     123142.070       1  0.0     0.0227           3065.224   1.0       0.0
 48             979018.373     123614.693       1  0.0     0.0227           3112.385   1.0       0.0
 49             979684.343     123464.313       1  0.0     0.0227           3158.048   1.0       0.0
 50             980393.279     123249.484       1  0.0     0.0227           3358.008   1.0       0.0
 51             980908.869     123829.522       1  0.0     0.0227           3351.410   1.0       0.0
 52             981832.633     124151.766       1  0.0     0.0227           3702.315   1.0       0.0
 53             982971.227     124065.834       1  0.0     0.0227           3898.260   1.0       0.0
 54             984023.889     123679.142       1  0.0     0.0227           3549.219   1.0       0.0
 55             985033.586     123034.655       1  0.0     0.0227           3165.907   1.0       0.0
 56             985549.176     122433.134       1  0.0     0.0227           3133.577   1.0       0.0
 57             986279.594     121810.130       1  0.0     0.0227           3027.334   1.0       0.0
 58             986752.218     120929.331       1  0.0     0.0227           3268.332   1.0       0.0
 59             987482.637     120306.327       1  0.0     0.0227           3749.149   1.0       0.0
 60             988320.470     120263.361       1  0.0     0.0227           4118.139   1.0       0.0
 61             988599.748     121079.711       1  0.0     0.0227           3713.121   1.0       0.0
