 point             x              y          zone  nugget  sill           a         hanis     bearing
 1              975119.226     129592.311       1  0.0     0.25           2694.211   1.0       0.0
 2              976300.786     129355.999       1  0.0     0.25           2086.771   1.0       0.0
 3              977417.897     129979.003       1  0.0     0.25           2625.902   1.0       0.0
 4              978470.559     129785.657       1  0.0     0.25           2927.330   1.0       0.0
 5              979072.080     129248.585       1  0.0     0.25           2981.103   1.0       0.0
 6              978470.559     128217.405       1  0.0     0.25           2291.081   1.0       0.0
 7              978814.286     127035.846       1  0.0     0.25           1614.370   1.0       0.0
 8              979952.879     126649.153       1  0.0     0.25           1330.655   1.0       0.0
 9              980618.849     127336.606       1  0.0     0.25           1733.221   1.0       0.0
 10             981392.234     128238.888       1  0.0     0.25           2256.256   1.0       0.0
 11             982552.311     128152.957       1  0.0     0.25           1684.139   1.0       0.0
 12             983755.353     128861.892       1  0.0     0.25           2056.507   1.0       0.0
 13             984614.669     129484.896       1  0.0     0.25           2595.675   1.0       0.0
 14             985774.746     130000.486       1  0.0     0.25           3744.931   1.0       0.0
 15             985495.468     128904.858       1  0.0     0.25           2568.681   1.0       0.0
 16             985001.361     127852.196       1  0.0     0.25           1933.665   1.0       0.0
 17             985151.742     126821.017       1  0.0     0.25           1707.576   1.0       0.0
 18             986182.921     126584.705       1  0.0     0.25           2417.919   1.0       0.0
 19             985882.160     125575.008       1  0.0     0.25           1727.107   1.0       0.0
 20             986247.370     124522.346       1  0.0     0.25           1259.413   1.0       0.0
 21             987106.686     123770.444       1  0.0     0.25            603.413   1.0       0.0
 22             988008.968     123211.889       1  0.0     0.25           1024.620   1.0       0.0
 23             988911.250     122760.748       1  0.0     0.25           1698.397   1.0       0.0
 24             988782.352     121965.881       1  0.0     0.25           1573.348   1.0       0.0
 25             988524.557     120762.838       1  0.0     0.25           1776.562   1.0       0.0
 26             987858.587     120204.283       1  0.0     0.25           1995.965   1.0       0.0
 27             986848.891     120891.736       1  0.0     0.25           1526.808   1.0       0.0
 28             986204.404     121794.017       1  0.0     0.25           1080.534   1.0       0.0
 29             985173.225     122825.197       1  0.0     0.25           1246.598   1.0       0.0
 30             984056.114     123620.064       1  0.0     0.25           1496.608   1.0       0.0
 31             983089.383     124049.722       1  0.0     0.25           1448.767   1.0       0.0
 32             981993.755     124157.137       1  0.0     0.25           1578.031   1.0       0.0
 33             980876.644     123856.376       1  0.0     0.25           1316.271   1.0       0.0
 34             980446.986     123211.889       1  0.0     0.25           1758.343   1.0       0.0
 35             979351.358     123512.650       1  0.0     0.25           1487.132   1.0       0.0
 36             978513.525     123254.855       1  0.0     0.25           1355.158   1.0       0.0
 37             977976.452     122567.402       1  0.0     0.25           1606.345   1.0       0.0
 38             977267.517     122352.573       1  0.0     0.25           1706.752   1.0       0.0
 39             976257.820     122825.197       1  0.0     0.25           1529.943   1.0       0.0
 40             975527.402     123276.338       1  0.0     0.25           1109.757   1.0       0.0
 41             974732.534     122696.299       1  0.0     0.25           1881.572   1.0       0.0
 42             974410.291     123834.893       1  0.0     0.25           1240.154   1.0       0.0
 43             973550.975     124307.517       1  0.0     0.25           1540.381   1.0       0.0
 44             973207.248     124973.487       1  0.0     0.25           1816.778   1.0       0.0
 45             974066.564     125424.628       1  0.0     0.25           1179.123   1.0       0.0
 46             974839.949     126283.944       1  0.0     0.25           1405.022   1.0       0.0
 47             974711.051     127336.606       1  0.0     0.25           1683.665   1.0       0.0
 48             974646.603     128582.615       1  0.0     0.25           2251.956   1.0       0.0
 49             975334.055     127981.093       1  0.0     0.25           1522.093   1.0       0.0
 50             975828.162     128926.341       1  0.0     0.25           1840.334   1.0       0.0
 51             977353.448     128969.307       1  0.0     0.25           2012.404   1.0       0.0
 52             977826.072     128195.922       1  0.0     0.25           2069.808   1.0       0.0
 53             977439.380     126949.914       1  0.0     0.25           1482.251   1.0       0.0
 54             976537.098     127809.230       1  0.0     0.25           1510.734   1.0       0.0
 55             976279.303     126262.461       1  0.0     0.25            925.122   1.0       0.0
 56             975699.265     125660.940       1  0.0     0.25            987.030   1.0       0.0
 57             975033.295     125532.042       1  0.0     0.25           1061.746   1.0       0.0
 58             974818.466     124715.692       1  0.0     0.25            786.179   1.0       0.0
 59             973959.150     124608.278       1  0.0     0.25           1060.728   1.0       0.0
 60             974882.915     124135.654       1  0.0     0.25            913.436   1.0       0.0
 61             975656.299     124307.517       1  0.0     0.25            873.682   1.0       0.0
 62             976085.957     123641.547       1  0.0     0.25            985.763   1.0       0.0
 63             976816.376     123555.615       1  0.0     0.25           1045.963   1.0       0.0
 64             976902.307     124586.795       1  0.0     0.25            803.400   1.0       0.0
 65             976150.406     125231.282       1  0.0     0.25           1006.592   1.0       0.0
 66             976816.376     125403.145       1  0.0     0.25            845.299   1.0       0.0
 67             977331.965     125102.384       1  0.0     0.25            780.958   1.0       0.0
 68             977912.004     125854.286       1  0.0     0.25            984.844   1.0       0.0
 69             977117.136     126219.495       1  0.0     0.25            961.668   1.0       0.0
 70             978234.247     126391.359       1  0.0     0.25           1179.595   1.0       0.0
 71             978470.559     125446.111       1  0.0     0.25            815.816   1.0       0.0
 72             978062.384     124715.692       1  0.0     0.25            677.171   1.0       0.0
 73             977353.448     124092.688       1  0.0     0.25            888.200   1.0       0.0
 74             977267.517     123082.992       1  0.0     0.25           1176.010   1.0       0.0
 75             977976.452     123362.269       1  0.0     0.25           1096.420   1.0       0.0
 76             978341.662     123942.308       1  0.0     0.25            923.398   1.0       0.0
 77             979136.529     124221.585       1  0.0     0.25            908.318   1.0       0.0
 78             979115.046     124994.970       1  0.0     0.25            712.426   1.0       0.0
 79             979007.632     125897.252       1  0.0     0.25            912.821   1.0       0.0
 80             979781.016     126112.081       1  0.0     0.25           1005.646   1.0       0.0
 81             980038.811     125553.525       1  0.0     0.25            853.448   1.0       0.0
 82             979974.362     124586.795       1  0.0     0.25            966.740   1.0       0.0
 83             980597.367     124436.414       1  0.0     0.25           1092.906   1.0       0.0
 84             981263.337     124436.414       1  0.0     0.25           1295.209   1.0       0.0
 85             980726.264     125403.145       1  0.0     0.25            938.174   1.0       0.0
 86             980769.230     126262.461       1  0.0     0.25            999.151   1.0       0.0
 87             981112.956     126928.431       1  0.0     0.25           1297.142   1.0       0.0
 88             981757.443     127529.952       1  0.0     0.25           1595.711   1.0       0.0
 89             982466.379     127250.675       1  0.0     0.25           1367.958   1.0       0.0
 90             983454.593     127680.333       1  0.0     0.25           1402.594   1.0       0.0
 91             984378.357     128131.474       1  0.0     0.25           1692.612   1.0       0.0
 92             984163.528     127014.363       1  0.0     0.25           1482.371   1.0       0.0
 93             983218.281     126434.324       1  0.0     0.25           1424.547   1.0       0.0
 94             982015.238     125553.525       1  0.0     0.25           1128.232   1.0       0.0
 95             981757.443     126283.944       1  0.0     0.25            947.702   1.0       0.0
 96             982960.486     125102.384       1  0.0     0.25           1197.928   1.0       0.0
 97             983368.661     124715.692       1  0.0     0.25           1058.190   1.0       0.0
 98             984056.114     124371.966       1  0.0     0.25           1042.844   1.0       0.0
 99             984657.635     124286.034       1  0.0     0.25           1098.905   1.0       0.0
 100            984936.913     125274.248       1  0.0     0.25           1292.362   1.0       0.0
 101            983733.870     125682.423       1  0.0     0.25           1372.535   1.0       0.0
 102            984249.460     126305.427       1  0.0     0.25           1494.101   1.0       0.0
 103            985151.742     126047.632       1  0.0     0.25           1574.063   1.0       0.0
 104            985667.331     124307.517       1  0.0     0.25           1191.222   1.0       0.0
 105            985194.708     123491.167       1  0.0     0.25           1155.381   1.0       0.0
 106            985774.746     123405.235       1  0.0     0.25            802.271   1.0       0.0
 107            986440.716     123834.893       1  0.0     0.25            628.095   1.0       0.0
 108            986891.857     123620.064       1  0.0     0.25            372.757   1.0       0.0
 109            986977.789     123104.475       1  0.0     0.25            382.600   1.0       0.0
 110            986483.682     123233.372       1  0.0     0.25            412.023   1.0       0.0
 111            985968.092     123018.543       1  0.0     0.25            642.826   1.0       0.0
 112            986247.370     122417.022       1  0.0     0.25            729.668   1.0       0.0
 113            986762.959     122352.573       1  0.0     0.25            587.919   1.0       0.0
 114            986999.271     121450.291       1  0.0     0.25           1034.798   1.0       0.0
 115            986827.408     122803.714       1  0.0     0.25            482.282   1.0       0.0
 116            987514.861     123340.786       1  0.0     0.25            670.913   1.0       0.0
 117            987966.002     122760.748       1  0.0     0.25            903.173   1.0       0.0
 118            988481.592     122825.197       1  0.0     0.25           1281.312   1.0       0.0
 119            987364.481     122266.641       1  0.0     0.25            724.374   1.0       0.0
 120            987450.412     121579.188       1  0.0     0.25            988.068   1.0       0.0
 121            987987.485     120891.736       1  0.0     0.25           1350.767   1.0       0.0
 122            988266.763     121557.706       1  0.0     0.25           1272.637   1.0       0.0
 123            987966.002     122137.744       1  0.0     0.25           1023.183   1.0       0.0
 124            978083.867     125080.902       1  0.0     0.25            706.013   1.0       0.0
 125            978792.803     125274.248       1  0.0     0.25            738.636   1.0       0.0
 126            977589.760     126155.047       1  0.0     0.25            984.896   1.0       0.0
 127            977675.692     124457.897       1  0.0     0.25            819.529   1.0       0.0
 128            978577.974     124436.414       1  0.0     0.25            671.545   1.0       0.0
 129            979437.290     124586.795       1  0.0     0.25            825.731   1.0       0.0
 130            982466.379     126498.773       1  0.0     0.25           1317.919   1.0       0.0
 131            982745.657     125703.906       1  0.0     0.25           1366.009   1.0       0.0
 132            983454.593     127035.846       1  0.0     0.25           1382.510   1.0       0.0
 133            986311.819     123448.201       1  0.0     0.25            486.924   1.0       0.0
 134            986698.511     123330.045       1  0.0     0.25            303.876   1.0       0.0
 135            986698.511     123018.543       1  0.0     0.25            408.840   1.0       0.0
 136            987224.842     123340.786       1  0.0     0.25            425.338   1.0       0.0
 137            987342.998     122964.836       1  0.0     0.25            488.120   1.0       0.0
 138            987138.910     122696.299       1  0.0     0.25            515.588   1.0       0.0
 139            986408.492     122954.094       1  0.0     0.25            528.786   1.0       0.0
 140            986537.389     122341.831       1  0.0     0.25            623.816   1.0       0.0
 141            985710.297     122717.782       1  0.0     0.25            895.367   1.0       0.0
 142            986096.990     123244.113       1  0.0     0.25            566.323   1.0       0.0
 143            986977.789     123276.338       1  0.0     0.25            319.283   1.0       0.0
 144            986741.477     123770.444       1  0.0     0.25            495.419   1.0       0.0
 145            986601.838     123598.581       1  0.0     0.25            386.886   1.0       0.0
 146            987181.876     123018.543       1  0.0     0.25            427.245   1.0       0.0
 147            986999.271     122470.729       1  0.0     0.25            563.999   1.0       0.0
 148            986634.062     122588.885       1  0.0     0.25            567.217   1.0       0.0
 149            986666.286     122094.778       1  0.0     0.25            659.576   1.0       0.0
 150            986064.765     122696.299       1  0.0     0.25            726.634   1.0       0.0
 151            986805.925     121708.086       1  0.0     0.25            884.070   1.0       0.0
 152            986311.819     122084.037       1  0.0     0.25            799.513   1.0       0.0
 153            985484.727     123104.475       1  0.0     0.25            892.069   1.0       0.0
 154            986043.282     123534.133       1  0.0     0.25            671.502   1.0       0.0
 155            986150.697     124071.205       1  0.0     0.25            906.055   1.0       0.0
 156            987020.754     123394.494       1  0.0     0.25            332.585   1.0       0.0
 157            987321.515     123512.650       1  0.0     0.25            551.147   1.0       0.0
 158            986258.111     123072.250       1  0.0     0.25            530.460   1.0       0.0
 159            987675.983     122578.143       1  0.0     0.25            751.853   1.0       0.0
 160            987514.861     122717.782       1  0.0     0.25            620.151   1.0       0.0
 161            987901.553     121686.603       1  0.0     0.25           1081.939   1.0       0.0
 162            978535.008     125037.936       1  0.0     0.25            614.746   1.0       0.0
 163            978696.130     124704.951       1  0.0     0.25            642.275   1.0       0.0
 164            977235.292     124468.639       1  0.0     0.25            832.683   1.0       0.0
 165            977052.688     125779.096       1  0.0     0.25            807.927   1.0       0.0
 166            979211.719     125435.369       1  0.0     0.25            829.049   1.0       0.0
 167            978782.061     124049.722       1  0.0     0.25            906.368   1.0       0.0
 168            977783.106     123781.186       1  0.0     0.25            980.011   1.0       0.0
 169            977740.141     122878.904       1  0.0     0.25           1265.144   1.0       0.0
 170            979781.016     124683.468       1  0.0     0.25            907.017   1.0       0.0
 171            979437.290     125209.799       1  0.0     0.25            777.692   1.0       0.0
 172            976537.098     124823.107       1  0.0     0.25            897.872   1.0       0.0
 173            976085.957     125660.940       1  0.0     0.25            929.500   1.0       0.0
 174            975720.748     125231.282       1  0.0     0.25           1060.472   1.0       0.0
 175            975430.729     124866.073       1  0.0     0.25            993.073   1.0       0.0
 176            976848.600     124124.912       1  0.0     0.25            867.243   1.0       0.0
 177            976494.132     123265.596       1  0.0     0.25           1179.536   1.0       0.0
 178            978910.959     124866.073       1  0.0     0.25            689.474   1.0       0.0
 179            977890.521     124157.137       1  0.0     0.25            860.267   1.0       0.0
 180            978223.506     124425.673       1  0.0     0.25            725.076   1.0       0.0
 181            977342.707     123663.030       1  0.0     0.25           1001.558   1.0       0.0
 182            977031.205     125295.731       1  0.0     0.25            794.759   1.0       0.0
 183            980382.538     125091.643       1  0.0     0.25            983.671   1.0       0.0
 184            980597.367     125832.803       1  0.0     0.25            869.361   1.0       0.0
 185            980081.777     123813.410       1  0.0     0.25           1179.024   1.0       0.0
 186            980575.884     123781.186       1  0.0     0.25           1254.999   1.0       0.0
 187            981360.010     125177.575       1  0.0     0.25           1163.225   1.0       0.0
 188            983014.193     127175.484       1  0.0     0.25           1322.741   1.0       0.0
 189            984754.308     125607.233       1  0.0     0.25           1369.958   1.0       0.0
 190            983357.919     125424.628       1  0.0     0.25           1247.072   1.0       0.0
 191            984313.909     125037.936       1  0.0     0.25           1115.454   1.0       0.0
 192            983035.676     124565.312       1  0.0     0.25           1193.957   1.0       0.0
 193            974463.998     124318.258       1  0.0     0.25            974.588   1.0       0.0
 194            975215.900     126369.876       1  0.0     0.25           1126.256   1.0       0.0
 195            975892.611     127755.523       1  0.0     0.25           1306.883   1.0       0.0
 196            983583.490     128410.751       1  0.0     0.25           1726.293   1.0       0.0
 197            976064.474     123996.015       1  0.0     0.25            867.850   1.0       0.0
 198            974560.671     124919.780       1  0.0     0.25            712.640   1.0       0.0
 199            981542.614     125907.993       1  0.0     0.25            849.001   1.0       0.0
 200            975763.714     126982.138       1  0.0     0.25           1024.831   1.0       0.0
 201            978749.837     126380.617       1  0.0     0.25           1093.264   1.0       0.0
 202            980296.606     124296.776       1  0.0     0.25           1050.594   1.0       0.0
 203            984593.186     124790.882       1  0.0     0.25           1086.550   1.0       0.0
 204            987214.100     122041.071       1  0.0     0.25            773.910   1.0       0.0
 205            977826.072     124919.780       1  0.0     0.25            749.742   1.0       0.0
 206            975011.812     125134.609       1  0.0     0.25            860.446   1.0       0.0
 207            977761.623     125499.818       1  0.0     0.25            873.199   1.0       0.0
 208            979480.256     126423.583       1  0.0     0.25           1135.439   1.0       0.0
 209            985098.035     124554.570       1  0.0     0.25           1210.606   1.0       0.0
 210            985806.970     124747.917       1  0.0     0.25           1364.884   1.0       0.0
 211            984765.050     123598.581       1  0.0     0.25           1280.880   1.0       0.0
 212            980876.644     126552.480       1  0.0     0.25           1092.091   1.0       0.0
 213            987504.120     121031.374       1  0.0     0.25           1207.558   1.0       0.0
 214            986784.442     123480.425       1  0.0     0.25            287.146   1.0       0.0
 215            986891.857     123362.269       1  0.0     0.25            271.426   1.0       0.0
 216            987214.100     123168.923       1  0.0     0.25            422.809   1.0       0.0
 217            986773.701     123147.440       1  0.0     0.25            358.147   1.0       0.0
 218            986988.530     122878.904       1  0.0     0.25            451.830   1.0       0.0
 219            986472.940     123523.391       1  0.0     0.25            417.212   1.0       0.0
 220            986950.935     123496.537       1  0.0     0.25            327.083   1.0       0.0
 221            987332.256     122803.714       1  0.0     0.25            515.125   1.0       0.0
 222            986827.408     123346.157       1  0.0     0.25            268.072   1.0       0.0
 223            986698.511     123448.201       1  0.0     0.25            299.088   1.0       0.0
 224            986591.096     123313.933       1  0.0     0.25            344.314   1.0       0.0
 225            986607.208     122921.870       1  0.0     0.25            465.461   1.0       0.0
 226            987079.832     122272.012       1  0.0     0.25            636.377   1.0       0.0
 227            978459.818     124592.166       1  0.0     0.25            637.337   1.0       0.0
 228            978266.472     124957.375       1  0.0     0.25            613.943   1.0       0.0
 229            978379.257     125182.945       1  0.0     0.25            666.815   1.0       0.0
 230            978884.105     126155.047       1  0.0     0.25            978.250   1.0       0.0
 231            977407.156     124887.555       1  0.0     0.25            787.376   1.0       0.0
 232            978889.476     124377.336       1  0.0     0.25            734.906   1.0       0.0
 233            979383.583     124849.960       1  0.0     0.25            755.085   1.0       0.0
 234            979689.714     125338.696       1  0.0     0.25            859.057   1.0       0.0
 235            979695.085     125762.984       1  0.0     0.25            906.146   1.0       0.0
 236            978642.422     125902.623       1  0.0     0.25            912.215   1.0       0.0
 237            981870.228     126171.159       1  0.0     0.25            986.656   1.0       0.0
 238            981612.434     126300.056       1  0.0     0.25            912.386   1.0       0.0
 239            981231.112     126090.598       1  0.0     0.25            848.820   1.0       0.0
 240            980924.981     125682.423       1  0.0     0.25            879.257   1.0       0.0
 241            980382.538     125435.369       1  0.0     0.25            887.878   1.0       0.0
 242            982111.911     124876.814       1  0.0     0.25           1308.053   1.0       0.0
 243            976730.444     127089.553       1  0.0     0.25           1277.172   1.0       0.0
 244            975731.489     126530.997       1  0.0     0.25            934.806   1.0       0.0
 245            976053.733     126735.085       1  0.0     0.25            974.701   1.0       0.0
 246            975989.284     127196.967       1  0.0     0.25           1095.219   1.0       0.0
 247            975473.694     126165.788       1  0.0     0.25            985.521   1.0       0.0
 248            976010.767     126230.237       1  0.0     0.25            878.496   1.0       0.0
 249            975398.504     124286.034       1  0.0     0.25            846.246   1.0       0.0
 250            975323.314     123931.566       1  0.0     0.25            798.005   1.0       0.0
 251            975484.436     124049.722       1  0.0     0.25            789.179   1.0       0.0
 252            975087.002     123684.513       1  0.0     0.25            888.756   1.0       0.0
 253            974839.949     123340.786       1  0.0     0.25           1164.095   1.0       0.0
 254            975484.436     123544.874       1  0.0     0.25            901.212   1.0       0.0
 255            974421.032     125274.248       1  0.0     0.25            850.278   1.0       0.0
 256            974324.359     125091.643       1  0.0     0.25            784.688   1.0       0.0
 257            974356.583     124855.331       1  0.0     0.25            763.952   1.0       0.0
 258            974829.207     124909.038       1  0.0     0.25            756.191   1.0       0.0
 259            976397.459     125865.027       1  0.0     0.25            903.778   1.0       0.0
 260            976171.889     124382.707       1  0.0     0.25            900.427   1.0       0.0
 261            976569.322     124286.034       1  0.0     0.25            820.277   1.0       0.0
 262            976386.718     124135.654       1  0.0     0.25            853.991   1.0       0.0
 263            976827.117     124898.297       1  0.0     0.25            820.096   1.0       0.0
 264            977374.931     125424.628       1  0.0     0.25            790.530   1.0       0.0
 265            976494.132     128346.303       1  0.0     0.25           1648.891   1.0       0.0
 266            975291.090     127293.640       1  0.0     0.25           1245.143   1.0       0.0
 267            976859.342     126627.670       1  0.0     0.25           1097.000   1.0       0.0
 268            984346.133     124167.878       1  0.0     0.25           1075.290   1.0       0.0
 269            984625.411     127218.450       1  0.0     0.25           1613.425   1.0       0.0
 270            976741.186     125972.442       1  0.0     0.25            876.908   1.0       0.0
 271            977385.673     125907.993       1  0.0     0.25            836.960   1.0       0.0
 272            981531.873     125639.457       1  0.0     0.25            926.329   1.0       0.0
 273            983540.524     124479.380       1  0.0     0.25           1055.472   1.0       0.0
 274            981918.565     124404.190       1  0.0     0.25           1441.503   1.0       0.0
 275            980264.382     125961.701       1  0.0     0.25            915.600   1.0       0.0
 276            982734.915     127691.074       1  0.0     0.25           1412.101   1.0       0.0
 277            983841.285     124812.365       1  0.0     0.25           1041.358   1.0       0.0
